<?xml version="1.0" encoding="UTF-8"?>
<!-- Generated by org.testng.reporters.JUnitXMLReporter -->
<testsuite ignored="0" hostname="DESKTOP-9BJ4JH8" failures="1" tests="5" name="TestReportOne" time="0.163" errors="0" timestamp="2023-11-13T22:46:07 NZDT">
  <testcase classname="com.swiggy.SwiggyAssignmentDuleeka.AdvanceExtentReport" name="TestCase1" time="0.115"/>
  <testcase classname="com.swiggy.SwiggyAssignmentDuleeka.AdvanceExtentReport" name="TestCase2" time="0.001"/>
  <testcase classname="com.swiggy.SwiggyAssignmentDuleeka.AdvanceExtentReport" name="TestCase3" time="0.001"/>
  <testcase classname="com.swiggy.SwiggyAssignmentDuleeka.AdvanceExtentReport" name="TestCase4" time="0.003">
    <failure type="java.lang.AssertionError" message="expected [true] but found [false]">
      <![CDATA[java.lang.AssertionError: expected [true] but found [false]
at com.swiggy.SwiggyAssignmentDuleeka.AdvanceExtentReport.TestCase4(AdvanceExtentReport.java:33)
at java.base/java.util.ArrayList.forEach(ArrayList.java:1511)
... Removed 29 stack frames]]>
    </failure>
  </testcase> <!-- TestCase4 -->
  <testcase classname="com.swiggy.SwiggyAssignmentDuleeka.AdvanceExtentReport" name="TestCase5" time="0.001">
    <skipped/>
  </testcase> <!-- TestCase5 -->
</testsuite> <!-- TestReportOne -->
