<?xml version="1.0" encoding="UTF-8"?>
<!-- Generated by org.testng.reporters.JUnitXMLReporter -->
<testsuite ignored="0" hostname="DESKTOP-9BJ4JH8" failures="1" tests="8" name="DependencyTest" time="16.915" errors="0" timestamp="2023-10-16T23:53:53 NZDT">
  <testcase classname="com.Reporting.LoginData" name="testReadExcelData" time="0.016"/>
  <testcase classname="com.Reporting.LoginData" name="testReadExcelData" time="0.002"/>
  <testcase classname="com.Reporting.LoginData" name="testReadExcelData" time="0.005"/>
  <testcase classname="com.Reporting.LoginData" name="testReadExcelData" time="0.002"/>
  <testcase classname="com.Reporting.HotelLoginTest" name="FailTest" time="0.014">
    <failure type="java.lang.AssertionError" message="expected [true] but found [false]">
      <![CDATA[java.lang.AssertionError: expected [true] but found [false]
at com.Reporting.HotelLoginTest.FailTest(HotelLoginTest.java:92)
at java.base/java.util.ArrayList.forEach(ArrayList.java:1511)
... Removed 32 stack frames]]>
    </failure>
  </testcase> <!-- FailTest -->
  <testcase classname="com.Reporting.HotelLoginTest" name="SkipTest" time="0.001">
    <skipped/>
  </testcase> <!-- SkipTest -->
  <testcase classname="com.Reporting.HotelLoginTest" name="VerifyLogin" time="11.116"/>
  <testcase classname="com.Reporting.HotelLoginTest" name="VerifyTitle" time="0.141"/>
</testsuite> <!-- DependencyTest -->
