<?xml version="1.0" encoding="UTF-8"?>
<!-- Generated by org.testng.reporters.JUnitReportReporter -->
<testsuite hostname="DESKTOP-9BJ4JH8" failures="0" tests="7" name="test.Reporting.ExtentReport.BasicExtentReport" time="-1698567552.000" errors="1" timestamp="2023-10-29T21:19:31 NZDT" skipped="6">
  <testcase classname="test.Reporting.ExtentReport.BasicExtentReport" name="testCase2" time="0.000">
    <skipped/>
  </testcase> <!-- testCase2 -->
  <testcase classname="test.Reporting.ExtentReport.BasicExtentReport" name="testCase5" time="0.000">
    <skipped/>
  </testcase> <!-- testCase5 -->
  <testcase classname="test.Reporting.ExtentReport.BasicExtentReport" name="testCase1" time="0.000">
    <skipped/>
  </testcase> <!-- testCase1 -->
  <testcase classname="test.Reporting.ExtentReport.BasicExtentReport" name="testCase3" time="0.000">
    <skipped/>
  </testcase> <!-- testCase3 -->
  <testcase classname="test.Reporting.ExtentReport.BasicExtentReport" name="startReport" time="-1698567552.000">
    <error message="
Parameter &#039;OS&#039; is required by BeforeTest on method startReport but has not been marked @Optional or defined
in C:\Users\dulee\AppData\Local\Temp\testng-eclipse-1271798267\testng-customsuite.xml" type="org.testng.TestNGException">
      <![CDATA[org.testng.TestNGException: 
Parameter 'OS' is required by BeforeTest on method startReport but has not been marked @Optional or defined
in C:\Users\dulee\AppData\Local\Temp\testng-eclipse-1271798267\testng-customsuite.xml
at org.testng.internal.Parameters.createParams(Parameters.java:267)
at org.testng.internal.Parameters.createParametersForMethod(Parameters.java:355)
at org.testng.internal.Parameters.createParameters(Parameters.java:684)
at org.testng.internal.Parameters.createConfigurationParameters(Parameters.java:166)
at org.testng.internal.invokers.ConfigInvoker.invokeConfigurations(ConfigInvoker.java:306)
at org.testng.TestRunner.invokeTestConfigurations(TestRunner.java:663)
at org.testng.TestRunner.beforeRun(TestRunner.java:652)
at org.testng.TestRunner.run(TestRunner.java:614)
at org.testng.SuiteRunner.runTest(SuiteRunner.java:443)
at org.testng.SuiteRunner.runSequentially(SuiteRunner.java:437)
at org.testng.SuiteRunner.privateRun(SuiteRunner.java:397)
at org.testng.SuiteRunner.run(SuiteRunner.java:336)
at org.testng.SuiteRunnerWorker.runSuite(SuiteRunnerWorker.java:52)
at org.testng.SuiteRunnerWorker.run(SuiteRunnerWorker.java:95)
at org.testng.TestNG.runSuitesSequentially(TestNG.java:1280)
at org.testng.TestNG.runSuitesLocally(TestNG.java:1200)
at org.testng.TestNG.runSuites(TestNG.java:1114)
at org.testng.TestNG.run(TestNG.java:1082)
at org.testng.remote.AbstractRemoteTestNG.run(AbstractRemoteTestNG.java:115)
at org.testng.remote.RemoteTestNG.initAndRun(RemoteTestNG.java:251)
at org.testng.remote.RemoteTestNG.main(RemoteTestNG.java:77)
]]>
    </error>
  </testcase> <!-- startReport -->
  <testcase classname="test.Reporting.ExtentReport.BasicExtentReport" name="testCase4" time="0.000">
    <skipped/>
  </testcase> <!-- testCase4 -->
  <testcase classname="test.Reporting.ExtentReport.BasicExtentReport" name="testCase6">
    <skipped/>
  </testcase> <!-- testCase6 -->
</testsuite> <!-- test.Reporting.ExtentReport.BasicExtentReport -->
