<?xml version="1.0" encoding="UTF-8"?>
<!-- Generated by org.testng.reporters.JUnitXMLReporter -->
<testsuite ignored="0" hostname="DESKTOP-9BJ4JH8" failures="1" tests="5" name="TestReportOne" time="0.134" errors="0" timestamp="2023-11-13T23:08:55 NZDT">
  <testcase classname="Banking.Thanos.AdvanceExtentReport" name="testCase1" time="0.09"/>
  <testcase classname="Banking.Thanos.AdvanceExtentReport" name="testCase2" time="0.001"/>
  <testcase classname="Banking.Thanos.AdvanceExtentReport" name="testCase3" time="0.001"/>
  <testcase classname="Banking.Thanos.AdvanceExtentReport" name="testCase4" time="0.004">
    <failure type="java.lang.AssertionError" message="expected [true] but found [false]">
      <![CDATA[java.lang.AssertionError: expected [true] but found [false]
at Banking.Thanos.AdvanceExtentReport.testCase4(AdvanceExtentReport.java:33)
at java.base/java.util.ArrayList.forEach(ArrayList.java:1511)
... Removed 33 stack frames]]>
    </failure>
  </testcase> <!-- testCase4 -->
  <testcase classname="Banking.Thanos.AdvanceExtentReport" name="testCase5" time="0.001">
    <skipped/>
  </testcase> <!-- testCase5 -->
</testsuite> <!-- TestReportOne -->
